<?xml version="1.0" encoding="UTF-8"?>
<testsuite xmlns:xsi="http://www.w3.org/2001/XMLSchema-instance" xsi:noNamespaceSchemaLocation="https://maven.apache.org/surefire/maven-surefire-plugin/xsd/surefire-test-report-3.0.xsd" version="3.0" name="com.poderfato.AppTest" time="0.025" tests="1" errors="0" skipped="0" failures="0">
  <properties>
    <property name="java.specification.version" value="21"/>
    <property name="sun.jnu.encoding" value="UTF-8"/>
    <property name="java.class.path" value="/Volumes/bkp/projects-demo/poderfato/target/test-classes:/Volumes/bkp/projects-demo/poderfato/target/classes:/Users/imac/.m2/repository/junit/junit/3.8.1/junit-3.8.1.jar:/Users/imac/.m2/repository/io/vertx/vertx-core/4.5.0/vertx-core-4.5.0.jar:/Users/imac/.m2/repository/io/netty/netty-common/4.1.100.Final/netty-common-4.1.100.Final.jar:/Users/imac/.m2/repository/io/netty/netty-buffer/4.1.100.Final/netty-buffer-4.1.100.Final.jar:/Users/imac/.m2/repository/io/netty/netty-transport/4.1.100.Final/netty-transport-4.1.100.Final.jar:/Users/imac/.m2/repository/io/netty/netty-handler/4.1.100.Final/netty-handler-4.1.100.Final.jar:/Users/imac/.m2/repository/io/netty/netty-transport-native-unix-common/4.1.100.Final/netty-transport-native-unix-common-4.1.100.Final.jar:/Users/imac/.m2/repository/io/netty/netty-codec/4.1.100.Final/netty-codec-4.1.100.Final.jar:/Users/imac/.m2/repository/io/netty/netty-handler-proxy/4.1.100.Final/netty-handler-proxy-4.1.100.Final.jar:/Users/imac/.m2/repository/io/netty/netty-codec-socks/4.1.100.Final/netty-codec-socks-4.1.100.Final.jar:/Users/imac/.m2/repository/io/netty/netty-codec-http/4.1.100.Final/netty-codec-http-4.1.100.Final.jar:/Users/imac/.m2/repository/io/netty/netty-codec-http2/4.1.100.Final/netty-codec-http2-4.1.100.Final.jar:/Users/imac/.m2/repository/io/netty/netty-resolver/4.1.100.Final/netty-resolver-4.1.100.Final.jar:/Users/imac/.m2/repository/io/netty/netty-resolver-dns/4.1.100.Final/netty-resolver-dns-4.1.100.Final.jar:/Users/imac/.m2/repository/io/netty/netty-codec-dns/4.1.100.Final/netty-codec-dns-4.1.100.Final.jar:/Users/imac/.m2/repository/com/fasterxml/jackson/core/jackson-core/2.15.3/jackson-core-2.15.3.jar:/Users/imac/.m2/repository/io/vertx/vertx-web/4.5.0/vertx-web-4.5.0.jar:/Users/imac/.m2/repository/io/vertx/vertx-web-common/4.5.0/vertx-web-common-4.5.0.jar:/Users/imac/.m2/repository/io/vertx/vertx-auth-common/4.5.0/vertx-auth-common-4.5.0.jar:/Users/imac/.m2/repository/io/vertx/vertx-bridge-common/4.5.0/vertx-bridge-common-4.5.0.jar:/Users/imac/.m2/repository/org/apache/camel/camel-vertx/4.4.0/camel-vertx-4.4.0.jar:/Users/imac/.m2/repository/org/apache/camel/camel-support/4.4.0/camel-support-4.4.0.jar:/Users/imac/.m2/repository/org/apache/camel/camel-api/4.4.0/camel-api-4.4.0.jar:/Users/imac/.m2/repository/jakarta/xml/bind/jakarta.xml.bind-api/4.0.1/jakarta.xml.bind-api-4.0.1.jar:/Users/imac/.m2/repository/jakarta/activation/jakarta.activation-api/2.1.2/jakarta.activation-api-2.1.2.jar:/Users/imac/.m2/repository/org/apache/camel/camel-management-api/4.4.0/camel-management-api-4.4.0.jar:/Users/imac/.m2/repository/org/apache/camel/camel-util/4.4.0/camel-util-4.4.0.jar:/Users/imac/.m2/repository/org/apache/camel/camel-util-json/4.4.0/camel-util-json-4.4.0.jar:/Users/imac/.m2/repository/org/apache/camel/camel-xml-jaxp-util/4.4.0/camel-xml-jaxp-util-4.4.0.jar:/Users/imac/.m2/repository/org/apache/camel/camel-vertx-common/4.4.0/camel-vertx-common-4.4.0.jar:/Users/imac/.m2/repository/org/postgresql/postgresql/42.7.1/postgresql-42.7.1.jar:/Users/imac/.m2/repository/org/checkerframework/checker-qual/3.41.0/checker-qual-3.41.0.jar:/Users/imac/.m2/repository/io/vertx/vertx-pg-client/4.4.0/vertx-pg-client-4.4.0.jar:/Users/imac/.m2/repository/io/vertx/vertx-sql-client/4.4.0/vertx-sql-client-4.4.0.jar:/Users/imac/.m2/repository/io/vertx/vertx-kafka-client/4.5.0/vertx-kafka-client-4.5.0.jar:/Users/imac/.m2/repository/org/apache/kafka/kafka-clients/3.5.0/kafka-clients-3.5.0.jar:/Users/imac/.m2/repository/com/github/luben/zstd-jni/1.5.5-1/zstd-jni-1.5.5-1.jar:/Users/imac/.m2/repository/org/lz4/lz4-java/1.8.0/lz4-java-1.8.0.jar:/Users/imac/.m2/repository/org/xerial/snappy/snappy-java/1.1.10.0/snappy-java-1.1.10.0.jar:/Users/imac/.m2/repository/org/slf4j/slf4j-api/2.0.7/slf4j-api-2.0.7.jar:/Users/imac/.m2/repository/org/keycloak/keycloak-adapter-core/22.0.5/keycloak-adapter-core-22.0.5.jar:/Users/imac/.m2/repository/org/keycloak/keycloak-crypto-default/22.0.5/keycloak-crypto-default-22.0.5.jar:/Users/imac/.m2/repository/org/keycloak/keycloak-core/22.0.5/keycloak-core-22.0.5.jar:/Users/imac/.m2/repository/org/keycloak/keycloak-common/22.0.5/keycloak-common-22.0.5.jar:/Users/imac/.m2/repository/com/fasterxml/jackson/core/jackson-databind/2.15.2/jackson-databind-2.15.2.jar:/Users/imac/.m2/repository/com/fasterxml/jackson/core/jackson-annotations/2.15.2/jackson-annotations-2.15.2.jar:/Users/imac/.m2/repository/org/keycloak/keycloak-server-spi/22.0.5/keycloak-server-spi-22.0.5.jar:/Users/imac/.m2/repository/org/keycloak/keycloak-server-spi-private/22.0.5/keycloak-server-spi-private-22.0.5.jar:/Users/imac/.m2/repository/org/apache/httpcomponents/httpclient/4.5.14/httpclient-4.5.14.jar:/Users/imac/.m2/repository/org/apache/httpcomponents/httpcore/4.4.16/httpcore-4.4.16.jar:/Users/imac/.m2/repository/commons-logging/commons-logging/1.2/commons-logging-1.2.jar:/Users/imac/.m2/repository/commons-codec/commons-codec/1.11/commons-codec-1.11.jar:/Users/imac/.m2/repository/org/bouncycastle/bcprov-jdk18on/1.74/bcprov-jdk18on-1.74.jar:/Users/imac/.m2/repository/org/bouncycastle/bcpkix-jdk18on/1.74/bcpkix-jdk18on-1.74.jar:/Users/imac/.m2/repository/org/bouncycastle/bcutil-jdk18on/1.74/bcutil-jdk18on-1.74.jar:"/>
    <property name="java.vm.vendor" value="Eclipse Adoptium"/>
    <property name="sun.arch.data.model" value="64"/>
    <property name="java.vendor.url" value="https://adoptium.net/"/>
    <property name="os.name" value="Mac OS X"/>
    <property name="java.vm.specification.version" value="21"/>
    <property name="sun.java.launcher" value="SUN_STANDARD"/>
    <property name="user.country" value="BR"/>
    <property name="sun.boot.library.path" value="/Library/Java/JavaVirtualMachines/temurin-21.jdk/Contents/Home/lib"/>
    <property name="sun.java.command" value="/Volumes/bkp/projects-demo/poderfato/target/surefire/surefirebooter-20250331002324502_3.jar /Volumes/bkp/projects-demo/poderfato/target/surefire 2025-03-31T00-23-24_416-jvmRun1 surefire-20250331002324502_1tmp surefire_0-20250331002324502_2tmp"/>
    <property name="http.nonProxyHosts" value="local|*.local|169.254/16|*.169.254/16"/>
    <property name="jdk.debug" value="release"/>
    <property name="surefire.test.class.path" value="/Volumes/bkp/projects-demo/poderfato/target/test-classes:/Volumes/bkp/projects-demo/poderfato/target/classes:/Users/imac/.m2/repository/junit/junit/3.8.1/junit-3.8.1.jar:/Users/imac/.m2/repository/io/vertx/vertx-core/4.5.0/vertx-core-4.5.0.jar:/Users/imac/.m2/repository/io/netty/netty-common/4.1.100.Final/netty-common-4.1.100.Final.jar:/Users/imac/.m2/repository/io/netty/netty-buffer/4.1.100.Final/netty-buffer-4.1.100.Final.jar:/Users/imac/.m2/repository/io/netty/netty-transport/4.1.100.Final/netty-transport-4.1.100.Final.jar:/Users/imac/.m2/repository/io/netty/netty-handler/4.1.100.Final/netty-handler-4.1.100.Final.jar:/Users/imac/.m2/repository/io/netty/netty-transport-native-unix-common/4.1.100.Final/netty-transport-native-unix-common-4.1.100.Final.jar:/Users/imac/.m2/repository/io/netty/netty-codec/4.1.100.Final/netty-codec-4.1.100.Final.jar:/Users/imac/.m2/repository/io/netty/netty-handler-proxy/4.1.100.Final/netty-handler-proxy-4.1.100.Final.jar:/Users/imac/.m2/repository/io/netty/netty-codec-socks/4.1.100.Final/netty-codec-socks-4.1.100.Final.jar:/Users/imac/.m2/repository/io/netty/netty-codec-http/4.1.100.Final/netty-codec-http-4.1.100.Final.jar:/Users/imac/.m2/repository/io/netty/netty-codec-http2/4.1.100.Final/netty-codec-http2-4.1.100.Final.jar:/Users/imac/.m2/repository/io/netty/netty-resolver/4.1.100.Final/netty-resolver-4.1.100.Final.jar:/Users/imac/.m2/repository/io/netty/netty-resolver-dns/4.1.100.Final/netty-resolver-dns-4.1.100.Final.jar:/Users/imac/.m2/repository/io/netty/netty-codec-dns/4.1.100.Final/netty-codec-dns-4.1.100.Final.jar:/Users/imac/.m2/repository/com/fasterxml/jackson/core/jackson-core/2.15.3/jackson-core-2.15.3.jar:/Users/imac/.m2/repository/io/vertx/vertx-web/4.5.0/vertx-web-4.5.0.jar:/Users/imac/.m2/repository/io/vertx/vertx-web-common/4.5.0/vertx-web-common-4.5.0.jar:/Users/imac/.m2/repository/io/vertx/vertx-auth-common/4.5.0/vertx-auth-common-4.5.0.jar:/Users/imac/.m2/repository/io/vertx/vertx-bridge-common/4.5.0/vertx-bridge-common-4.5.0.jar:/Users/imac/.m2/repository/org/apache/camel/camel-vertx/4.4.0/camel-vertx-4.4.0.jar:/Users/imac/.m2/repository/org/apache/camel/camel-support/4.4.0/camel-support-4.4.0.jar:/Users/imac/.m2/repository/org/apache/camel/camel-api/4.4.0/camel-api-4.4.0.jar:/Users/imac/.m2/repository/jakarta/xml/bind/jakarta.xml.bind-api/4.0.1/jakarta.xml.bind-api-4.0.1.jar:/Users/imac/.m2/repository/jakarta/activation/jakarta.activation-api/2.1.2/jakarta.activation-api-2.1.2.jar:/Users/imac/.m2/repository/org/apache/camel/camel-management-api/4.4.0/camel-management-api-4.4.0.jar:/Users/imac/.m2/repository/org/apache/camel/camel-util/4.4.0/camel-util-4.4.0.jar:/Users/imac/.m2/repository/org/apache/camel/camel-util-json/4.4.0/camel-util-json-4.4.0.jar:/Users/imac/.m2/repository/org/apache/camel/camel-xml-jaxp-util/4.4.0/camel-xml-jaxp-util-4.4.0.jar:/Users/imac/.m2/repository/org/apache/camel/camel-vertx-common/4.4.0/camel-vertx-common-4.4.0.jar:/Users/imac/.m2/repository/org/postgresql/postgresql/42.7.1/postgresql-42.7.1.jar:/Users/imac/.m2/repository/org/checkerframework/checker-qual/3.41.0/checker-qual-3.41.0.jar:/Users/imac/.m2/repository/io/vertx/vertx-pg-client/4.4.0/vertx-pg-client-4.4.0.jar:/Users/imac/.m2/repository/io/vertx/vertx-sql-client/4.4.0/vertx-sql-client-4.4.0.jar:/Users/imac/.m2/repository/io/vertx/vertx-kafka-client/4.5.0/vertx-kafka-client-4.5.0.jar:/Users/imac/.m2/repository/org/apache/kafka/kafka-clients/3.5.0/kafka-clients-3.5.0.jar:/Users/imac/.m2/repository/com/github/luben/zstd-jni/1.5.5-1/zstd-jni-1.5.5-1.jar:/Users/imac/.m2/repository/org/lz4/lz4-java/1.8.0/lz4-java-1.8.0.jar:/Users/imac/.m2/repository/org/xerial/snappy/snappy-java/1.1.10.0/snappy-java-1.1.10.0.jar:/Users/imac/.m2/repository/org/slf4j/slf4j-api/2.0.7/slf4j-api-2.0.7.jar:/Users/imac/.m2/repository/org/keycloak/keycloak-adapter-core/22.0.5/keycloak-adapter-core-22.0.5.jar:/Users/imac/.m2/repository/org/keycloak/keycloak-crypto-default/22.0.5/keycloak-crypto-default-22.0.5.jar:/Users/imac/.m2/repository/org/keycloak/keycloak-core/22.0.5/keycloak-core-22.0.5.jar:/Users/imac/.m2/repository/org/keycloak/keycloak-common/22.0.5/keycloak-common-22.0.5.jar:/Users/imac/.m2/repository/com/fasterxml/jackson/core/jackson-databind/2.15.2/jackson-databind-2.15.2.jar:/Users/imac/.m2/repository/com/fasterxml/jackson/core/jackson-annotations/2.15.2/jackson-annotations-2.15.2.jar:/Users/imac/.m2/repository/org/keycloak/keycloak-server-spi/22.0.5/keycloak-server-spi-22.0.5.jar:/Users/imac/.m2/repository/org/keycloak/keycloak-server-spi-private/22.0.5/keycloak-server-spi-private-22.0.5.jar:/Users/imac/.m2/repository/org/apache/httpcomponents/httpclient/4.5.14/httpclient-4.5.14.jar:/Users/imac/.m2/repository/org/apache/httpcomponents/httpcore/4.4.16/httpcore-4.4.16.jar:/Users/imac/.m2/repository/commons-logging/commons-logging/1.2/commons-logging-1.2.jar:/Users/imac/.m2/repository/commons-codec/commons-codec/1.11/commons-codec-1.11.jar:/Users/imac/.m2/repository/org/bouncycastle/bcprov-jdk18on/1.74/bcprov-jdk18on-1.74.jar:/Users/imac/.m2/repository/org/bouncycastle/bcpkix-jdk18on/1.74/bcpkix-jdk18on-1.74.jar:/Users/imac/.m2/repository/org/bouncycastle/bcutil-jdk18on/1.74/bcutil-jdk18on-1.74.jar:"/>
    <property name="sun.cpu.endian" value="little"/>
    <property name="user.home" value="/Users/imac"/>
    <property name="user.language" value="en"/>
    <property name="java.specification.vendor" value="Oracle Corporation"/>
    <property name="java.version.date" value="2024-07-16"/>
    <property name="java.home" value="/Library/Java/JavaVirtualMachines/temurin-21.jdk/Contents/Home"/>
    <property name="file.separator" value="/"/>
    <property name="basedir" value="/Volumes/bkp/projects-demo/poderfato"/>
    <property name="java.vm.compressedOopsMode" value="Zero based"/>
    <property name="line.separator" value="&#10;"/>
    <property name="java.vm.specification.vendor" value="Oracle Corporation"/>
    <property name="java.specification.name" value="Java Platform API Specification"/>
    <property name="apple.awt.application.name" value="ForkedBooter"/>
    <property name="surefire.real.class.path" value="/Volumes/bkp/projects-demo/poderfato/target/surefire/surefirebooter-20250331002324502_3.jar"/>
    <property name="sun.management.compiler" value="HotSpot 64-Bit Tiered Compilers"/>
    <property name="ftp.nonProxyHosts" value="local|*.local|169.254/16|*.169.254/16"/>
    <property name="java.runtime.version" value="21.0.4+7-LTS"/>
    <property name="user.name" value="imac"/>
    <property name="stdout.encoding" value="UTF-8"/>
    <property name="path.separator" value=":"/>
    <property name="os.version" value="10.15.7"/>
    <property name="java.runtime.name" value="OpenJDK Runtime Environment"/>
    <property name="file.encoding" value="UTF-8"/>
    <property name="java.vm.name" value="OpenJDK 64-Bit Server VM"/>
    <property name="java.vendor.version" value="Temurin-21.0.4+7"/>
    <property name="localRepository" value="/Users/imac/.m2/repository"/>
    <property name="java.vendor.url.bug" value="https://github.com/adoptium/adoptium-support/issues"/>
    <property name="java.io.tmpdir" value="/var/folders/1p/h0dwt1_970ld4nghnxx82c080000gn/T/"/>
    <property name="java.version" value="21.0.4"/>
    <property name="user.dir" value="/Volumes/bkp/projects-demo/poderfato"/>
    <property name="os.arch" value="x86_64"/>
    <property name="java.vm.specification.name" value="Java Virtual Machine Specification"/>
    <property name="native.encoding" value="UTF-8"/>
    <property name="java.library.path" value="/Users/imac/Library/Java/Extensions:/Library/Java/Extensions:/Network/Library/Java/Extensions:/System/Library/Java/Extensions:/usr/lib/java:."/>
    <property name="java.vm.info" value="mixed mode"/>
    <property name="stderr.encoding" value="UTF-8"/>
    <property name="java.vendor" value="Eclipse Adoptium"/>
    <property name="java.vm.version" value="21.0.4+7-LTS"/>
    <property name="sun.io.unicode.encoding" value="UnicodeBig"/>
    <property name="socksNonProxyHosts" value="local|*.local|169.254/16|*.169.254/16"/>
    <property name="java.class.version" value="65.0"/>
  </properties>
  <testcase name="testApp" classname="com.poderfato.AppTest" time="0.009"/>
</testsuite>